<?xml version="1.0" encoding="UTF-8"?>
<testsuite xmlns:xsi="http://www.w3.org/2001/XMLSchema-instance" xsi:noNamespaceSchemaLocation="https://maven.apache.org/surefire/maven-surefire-plugin/xsd/surefire-test-report.xsd" name="com.org.TestRunner" time="26.827" tests="2" errors="0" skipped="0" failures="0">
  <properties>
[...]
</properties>
  <testcase name="[1:9] to create a bug in a particular project" classname="[createABug]" time="0.003"/>
  <testcase name="[1:3] to get All issues present in a project" classname="[getIssues]" time="0"/>
</testsuite>